<?xml version="1.0" encoding="UTF-8" ?>
<testsuite errors="0" failures="0" hostname="n309ssdt04" name="at.ait.dme.yuma.suite.server.test.ImageTilesetProviderTest" tests="2" time="4.937" timestamp="2011-01-21T14:18:25">
  <properties>
[...]
</properties>
  <testcase classname="at.ait.dme.yuma.suite.server.test.ImageTilesetProviderTest" name="testRetrieveTileset" time="2.703"></testcase>
  <testcase classname="at.ait.dme.yuma.suite.server.test.ImageTilesetProviderTest" name="testConcurrentGenerateTileset" time="2.156"></testcase>
  <system-out><![CDATA[[Fri Jan 21 15:18:25 CET 2011] TJWS httpd 0.0.0.0 - SimpleAcceptor ServerSocket[addr=0.0.0.0/0.0.0.0,port=0,localport=8887] is listening.
.
.
Generating TMS tiles for file test.tif: 1414x1100, 6x5 basetiles, 4 zoom levels, 44 tiles total
Striping base image
.
.
.
.
.
Tiling level 1
.
.
.
.
.
.
Tiling level 2
.
.
.
.
.
.
Tiling level 3
.
.
.
Tiling level 4
.
Took 2109 ms.
.
[Fri Jan 21 15:18:27 CET 2011] TJWS httpd 0.0.0.0 - SimpleAcceptor ServerSocket[addr=0.0.0.0/0.0.0.0,port=0,localport=8887] is listening.
thread 1: polling
thread 0: polling
thread 2: polling
Generating TMS tiles for file test.tif: 1414x1100, 6x5 basetiles, 4 zoom levels, 44 tiles total
Striping base image
thread 0: polling
thread 1: polling
thread 0: polling
thread 2: polling
thread 0: polling
thread 1: polling
thread 0: polling
Tiling level 1
thread 0: polling
thread 2: polling
thread 1: polling
thread 0: polling
thread 0: polling
thread 1: polling
thread 0: polling
thread 2: polling
thread 0: polling
Tiling level 2
thread 1: polling
thread 0: polling
thread 0: polling
thread 2: polling
thread 1: polling
thread 0: polling
thread 0: polling
thread 1: polling
thread 0: polling
thread 2: polling
thread 0: polling
Tiling level 3
thread 0: polling
thread 1: polling
thread 0: polling
thread 2: polling
thread 0: polling
thread 1: polling
Tiling level 4
thread 0: polling
Took 1969 ms.
thread 1: received result
thread 0: received result
thread 2: received result
]]></system-out>
  <system-err><![CDATA[]]></system-err>
</testsuite>
